{"/mnt/c/Users/conor/OneDrive/Desktop/express-biztime/app.js": {"path":"/mnt/c/Users/conor/OneDrive/Desktop/express-biztime/app.js","statementMap":{"0":{"start":{"line":4,"column":16},"end":{"line":4,"column":34}},"1":{"start":{"line":6,"column":12},"end":{"line":6,"column":21}},"2":{"start":{"line":7,"column":21},"end":{"line":7,"column":46}},"3":{"start":{"line":8,"column":22},"end":{"line":8,"column":50}},"4":{"start":{"line":9,"column":22},"end":{"line":9,"column":51}},"5":{"start":{"line":10,"column":0},"end":{"line":10,"column":24}},"6":{"start":{"line":13,"column":0},"end":{"line":13,"column":37}},"7":{"start":{"line":16,"column":0},"end":{"line":16,"column":36}},"8":{"start":{"line":19,"column":0},"end":{"line":22,"column":3}},"9":{"start":{"line":20,"column":14},"end":{"line":20,"column":48}},"10":{"start":{"line":21,"column":2},"end":{"line":21,"column":19}},"11":{"start":{"line":26,"column":0},"end":{"line":33,"column":3}},"12":{"start":{"line":27,"column":2},"end":{"line":27,"column":32}},"13":{"start":{"line":29,"column":2},"end":{"line":32,"column":5}},"14":{"start":{"line":36,"column":0},"end":{"line":36,"column":21}}},"fnMap":{"0":{"name":"(anonymous_0)","decl":{"start":{"line":19,"column":8},"end":{"line":19,"column":9}},"loc":{"start":{"line":19,"column":33},"end":{"line":22,"column":1}},"line":19},"1":{"name":"(anonymous_1)","decl":{"start":{"line":26,"column":8},"end":{"line":26,"column":9}},"loc":{"start":{"line":26,"column":33},"end":{"line":33,"column":1}},"line":26}},"branchMap":{"0":{"loc":{"start":{"line":27,"column":13},"end":{"line":27,"column":30}},"type":"binary-expr","locations":[{"start":{"line":27,"column":13},"end":{"line":27,"column":23}},{"start":{"line":27,"column":27},"end":{"line":27,"column":30}}],"line":27}},"s":{"0":1,"1":1,"2":1,"3":1,"4":1,"5":1,"6":1,"7":1,"8":1,"9":0,"10":0,"11":1,"12":1,"13":1,"14":1},"f":{"0":0,"1":1},"b":{"0":[1,0]},"_coverageSchema":"1a1c01bbd47fc00a2c39e90264f33305004495a9","hash":"f223fa5c7c21d69112ed1c7f41e2225b7426bef0"}
,"/mnt/c/Users/conor/OneDrive/Desktop/express-biztime/db.js": {"path":"/mnt/c/Users/conor/OneDrive/Desktop/express-biztime/db.js","statementMap":{"0":{"start":{"line":3,"column":19},"end":{"line":3,"column":32}},"1":{"start":{"line":7,"column":0},"end":{"line":11,"column":1}},"2":{"start":{"line":8,"column":0},"end":{"line":8,"column":38}},"3":{"start":{"line":10,"column":4},"end":{"line":10,"column":37}},"4":{"start":{"line":12,"column":9},"end":{"line":14,"column":2}},"5":{"start":{"line":15,"column":0},"end":{"line":15,"column":13}},"6":{"start":{"line":18,"column":0},"end":{"line":18,"column":20}}},"fnMap":{},"branchMap":{"0":{"loc":{"start":{"line":7,"column":0},"end":{"line":11,"column":1}},"type":"if","locations":[{"start":{"line":7,"column":0},"end":{"line":11,"column":1}},{"start":{"line":9,"column":6},"end":{"line":11,"column":1}}],"line":7}},"s":{"0":1,"1":1,"2":1,"3":0,"4":1,"5":1,"6":1},"f":{},"b":{"0":[1,0]},"_coverageSchema":"1a1c01bbd47fc00a2c39e90264f33305004495a9","hash":"cd93be3cdc32e9e32fe97565649a12a2041e403a"}
,"/mnt/c/Users/conor/OneDrive/Desktop/express-biztime/expressError.js": {"path":"/mnt/c/Users/conor/OneDrive/Desktop/express-biztime/expressError.js","statementMap":{"0":{"start":{"line":9,"column":4},"end":{"line":9,"column":12}},"1":{"start":{"line":10,"column":4},"end":{"line":10,"column":27}},"2":{"start":{"line":11,"column":4},"end":{"line":11,"column":25}},"3":{"start":{"line":12,"column":4},"end":{"line":12,"column":30}},"4":{"start":{"line":17,"column":0},"end":{"line":17,"column":30}}},"fnMap":{"0":{"name":"(anonymous_0)","decl":{"start":{"line":8,"column":2},"end":{"line":8,"column":3}},"loc":{"start":{"line":8,"column":31},"end":{"line":13,"column":3}},"line":8}},"branchMap":{},"s":{"0":1,"1":1,"2":1,"3":1,"4":1},"f":{"0":1},"b":{},"_coverageSchema":"1a1c01bbd47fc00a2c39e90264f33305004495a9","hash":"dc8ea77b572ed65e4e90d162c2a379671bbdd761"}
,"/mnt/c/Users/conor/OneDrive/Desktop/express-biztime/routes/companies.js": {"path":"/mnt/c/Users/conor/OneDrive/Desktop/express-biztime/routes/companies.js","statementMap":{"0":{"start":{"line":1,"column":16},"end":{"line":1,"column":34}},"1":{"start":{"line":2,"column":21},"end":{"line":2,"column":47}},"2":{"start":{"line":3,"column":15},"end":{"line":3,"column":31}},"3":{"start":{"line":4,"column":11},"end":{"line":4,"column":27}},"4":{"start":{"line":7,"column":0},"end":{"line":16,"column":3}},"5":{"start":{"line":8,"column":4},"end":{"line":15,"column":5}},"6":{"start":{"line":9,"column":20},"end":{"line":9,"column":61}},"7":{"start":{"line":11,"column":4},"end":{"line":11,"column":46}},"8":{"start":{"line":13,"column":8},"end":{"line":13,"column":23}},"9":{"start":{"line":19,"column":0},"end":{"line":30,"column":4}},"10":{"start":{"line":20,"column":4},"end":{"line":29,"column":5}},"11":{"start":{"line":21,"column":23},"end":{"line":21,"column":33}},"12":{"start":{"line":22,"column":22},"end":{"line":22,"column":87}},"13":{"start":{"line":23,"column":6},"end":{"line":25,"column":7}},"14":{"start":{"line":24,"column":8},"end":{"line":24,"column":73}},"15":{"start":{"line":26,"column":6},"end":{"line":26,"column":53}},"16":{"start":{"line":28,"column":6},"end":{"line":28,"column":20}},"17":{"start":{"line":32,"column":2},"end":{"line":43,"column":4}},"18":{"start":{"line":33,"column":4},"end":{"line":42,"column":5}},"19":{"start":{"line":36,"column":43},"end":{"line":36,"column":51}},"20":{"start":{"line":37,"column":22},"end":{"line":37,"column":168}},"21":{"start":{"line":39,"column":8},"end":{"line":39,"column":64}},"22":{"start":{"line":41,"column":6},"end":{"line":41,"column":20}},"23":{"start":{"line":45,"column":2},"end":{"line":57,"column":4}},"24":{"start":{"line":46,"column":4},"end":{"line":56,"column":5}},"25":{"start":{"line":47,"column":23},"end":{"line":47,"column":33}},"26":{"start":{"line":48,"column":36},"end":{"line":48,"column":44}},"27":{"start":{"line":49,"column":22},"end":{"line":49,"column":159}},"28":{"start":{"line":50,"column":6},"end":{"line":52,"column":7}},"29":{"start":{"line":51,"column":8},"end":{"line":51,"column":75}},"30":{"start":{"line":53,"column":6},"end":{"line":53,"column":51}},"31":{"start":{"line":55,"column":6},"end":{"line":55,"column":20}},"32":{"start":{"line":60,"column":2},"end":{"line":67,"column":4}},"33":{"start":{"line":61,"column":4},"end":{"line":66,"column":5}},"34":{"start":{"line":62,"column":22},"end":{"line":62,"column":90}},"35":{"start":{"line":63,"column":6},"end":{"line":63,"column":42}},"36":{"start":{"line":65,"column":6},"end":{"line":65,"column":20}},"37":{"start":{"line":69,"column":2},"end":{"line":102,"column":5}},"38":{"start":{"line":70,"column":4},"end":{"line":101,"column":5}},"39":{"start":{"line":71,"column":17},"end":{"line":71,"column":32}},"40":{"start":{"line":73,"column":25},"end":{"line":78,"column":7}},"41":{"start":{"line":80,"column":24},"end":{"line":85,"column":7}},"42":{"start":{"line":87,"column":6},"end":{"line":89,"column":7}},"43":{"start":{"line":88,"column":8},"end":{"line":88,"column":63}},"44":{"start":{"line":91,"column":22},"end":{"line":91,"column":40}},"45":{"start":{"line":92,"column":23},"end":{"line":92,"column":37}},"46":{"start":{"line":94,"column":6},"end":{"line":94,"column":53}},"47":{"start":{"line":94,"column":45},"end":{"line":94,"column":51}},"48":{"start":{"line":96,"column":6},"end":{"line":96,"column":44}},"49":{"start":{"line":100,"column":6},"end":{"line":100,"column":23}},"50":{"start":{"line":109,"column":0},"end":{"line":109,"column":25}}},"fnMap":{"0":{"name":"(anonymous_0)","decl":{"start":{"line":7,"column":17},"end":{"line":7,"column":18}},"loc":{"start":{"line":7,"column":43},"end":{"line":16,"column":1}},"line":7},"1":{"name":"(anonymous_1)","decl":{"start":{"line":19,"column":21},"end":{"line":19,"column":22}},"loc":{"start":{"line":19,"column":47},"end":{"line":30,"column":3}},"line":19},"2":{"name":"(anonymous_2)","decl":{"start":{"line":32,"column":19},"end":{"line":32,"column":20}},"loc":{"start":{"line":32,"column":45},"end":{"line":43,"column":3}},"line":32},"3":{"name":"(anonymous_3)","decl":{"start":{"line":45,"column":34},"end":{"line":45,"column":35}},"loc":{"start":{"line":45,"column":60},"end":{"line":57,"column":3}},"line":45},"4":{"name":"(anonymous_4)","decl":{"start":{"line":60,"column":26},"end":{"line":60,"column":27}},"loc":{"start":{"line":60,"column":52},"end":{"line":67,"column":3}},"line":60},"5":{"name":"(anonymous_5)","decl":{"start":{"line":69,"column":32},"end":{"line":69,"column":33}},"loc":{"start":{"line":69,"column":64},"end":{"line":102,"column":3}},"line":69},"6":{"name":"(anonymous_6)","decl":{"start":{"line":94,"column":38},"end":{"line":94,"column":39}},"loc":{"start":{"line":94,"column":45},"end":{"line":94,"column":51}},"line":94}},"branchMap":{"0":{"loc":{"start":{"line":23,"column":6},"end":{"line":25,"column":7}},"type":"if","locations":[{"start":{"line":23,"column":6},"end":{"line":25,"column":7}},{"start":{},"end":{}}],"line":23},"1":{"loc":{"start":{"line":50,"column":6},"end":{"line":52,"column":7}},"type":"if","locations":[{"start":{"line":50,"column":6},"end":{"line":52,"column":7}},{"start":{},"end":{}}],"line":50},"2":{"loc":{"start":{"line":87,"column":6},"end":{"line":89,"column":7}},"type":"if","locations":[{"start":{"line":87,"column":6},"end":{"line":89,"column":7}},{"start":{},"end":{}}],"line":87}},"s":{"0":1,"1":1,"2":1,"3":1,"4":1,"5":1,"6":1,"7":1,"8":0,"9":1,"10":2,"11":2,"12":2,"13":2,"14":1,"15":1,"16":1,"17":1,"18":1,"19":1,"20":1,"21":1,"22":0,"23":1,"24":0,"25":0,"26":0,"27":0,"28":0,"29":0,"30":0,"31":0,"32":1,"33":0,"34":0,"35":0,"36":0,"37":1,"38":0,"39":0,"40":0,"41":0,"42":0,"43":0,"44":0,"45":0,"46":0,"47":0,"48":0,"49":0,"50":1},"f":{"0":1,"1":2,"2":1,"3":0,"4":0,"5":0,"6":0},"b":{"0":[1,1],"1":[0,0],"2":[0,0]},"_coverageSchema":"1a1c01bbd47fc00a2c39e90264f33305004495a9","hash":"9d9ebc0ad0f80403fb3579543f3ec89cd0bcaafa"}
,"/mnt/c/Users/conor/OneDrive/Desktop/express-biztime/routes/invoices.js": {"path":"/mnt/c/Users/conor/OneDrive/Desktop/express-biztime/routes/invoices.js","statementMap":{"0":{"start":{"line":1,"column":16},"end":{"line":1,"column":34}},"1":{"start":{"line":2,"column":21},"end":{"line":2,"column":47}},"2":{"start":{"line":3,"column":15},"end":{"line":3,"column":31}},"3":{"start":{"line":4,"column":11},"end":{"line":4,"column":27}},"4":{"start":{"line":7,"column":0},"end":{"line":16,"column":3}},"5":{"start":{"line":8,"column":4},"end":{"line":15,"column":5}},"6":{"start":{"line":9,"column":20},"end":{"line":9,"column":60}},"7":{"start":{"line":11,"column":4},"end":{"line":11,"column":45}},"8":{"start":{"line":13,"column":8},"end":{"line":13,"column":23}},"9":{"start":{"line":18,"column":0},"end":{"line":28,"column":3}},"10":{"start":{"line":19,"column":4},"end":{"line":27,"column":5}},"11":{"start":{"line":20,"column":21},"end":{"line":20,"column":31}},"12":{"start":{"line":21,"column":20},"end":{"line":21,"column":80}},"13":{"start":{"line":23,"column":4},"end":{"line":23,"column":50}},"14":{"start":{"line":25,"column":8},"end":{"line":25,"column":23}},"15":{"start":{"line":31,"column":0},"end":{"line":42,"column":4}},"16":{"start":{"line":32,"column":4},"end":{"line":41,"column":5}},"17":{"start":{"line":35,"column":35},"end":{"line":35,"column":43}},"18":{"start":{"line":36,"column":22},"end":{"line":36,"column":167}},"19":{"start":{"line":38,"column":8},"end":{"line":38,"column":49}},"20":{"start":{"line":40,"column":6},"end":{"line":40,"column":20}},"21":{"start":{"line":45,"column":2},"end":{"line":58,"column":4}},"22":{"start":{"line":46,"column":4},"end":{"line":56,"column":5}},"23":{"start":{"line":47,"column":21},"end":{"line":47,"column":31}},"24":{"start":{"line":48,"column":22},"end":{"line":48,"column":30}},"25":{"start":{"line":49,"column":22},"end":{"line":49,"column":145}},"26":{"start":{"line":50,"column":6},"end":{"line":52,"column":7}},"27":{"start":{"line":51,"column":8},"end":{"line":51,"column":73}},"28":{"start":{"line":53,"column":6},"end":{"line":53,"column":51}},"29":{"start":{"line":55,"column":6},"end":{"line":55,"column":20}},"30":{"start":{"line":61,"column":2},"end":{"line":68,"column":4}},"31":{"start":{"line":62,"column":4},"end":{"line":67,"column":5}},"32":{"start":{"line":63,"column":22},"end":{"line":63,"column":85}},"33":{"start":{"line":64,"column":6},"end":{"line":64,"column":42}},"34":{"start":{"line":66,"column":6},"end":{"line":66,"column":20}},"35":{"start":{"line":71,"column":2},"end":{"line":94,"column":5}},"36":{"start":{"line":72,"column":4},"end":{"line":93,"column":5}},"37":{"start":{"line":74,"column":29},"end":{"line":74,"column":132}},"38":{"start":{"line":75,"column":6},"end":{"line":75,"column":50}},"39":{"start":{"line":76,"column":6},"end":{"line":78,"column":7}},"40":{"start":{"line":77,"column":8},"end":{"line":77,"column":91}},"41":{"start":{"line":80,"column":29},"end":{"line":80,"column":115}},"42":{"start":{"line":81,"column":23},"end":{"line":81,"column":61}},"43":{"start":{"line":81,"column":54},"end":{"line":81,"column":60}},"44":{"start":{"line":83,"column":22},"end":{"line":88,"column":7}},"45":{"start":{"line":90,"column":6},"end":{"line":90,"column":35}},"46":{"start":{"line":92,"column":6},"end":{"line":92,"column":21}},"47":{"start":{"line":96,"column":2},"end":{"line":138,"column":5}},"48":{"start":{"line":97,"column":4},"end":{"line":137,"column":5}},"49":{"start":{"line":98,"column":15},"end":{"line":98,"column":28}},"50":{"start":{"line":100,"column":21},"end":{"line":112,"column":15}},"51":{"start":{"line":114,"column":6},"end":{"line":116,"column":7}},"52":{"start":{"line":115,"column":8},"end":{"line":115,"column":61}},"53":{"start":{"line":118,"column":19},"end":{"line":118,"column":33}},"54":{"start":{"line":119,"column":22},"end":{"line":130,"column":7}},"55":{"start":{"line":132,"column":6},"end":{"line":132,"column":44}},"56":{"start":{"line":136,"column":6},"end":{"line":136,"column":23}},"57":{"start":{"line":139,"column":0},"end":{"line":139,"column":25}}},"fnMap":{"0":{"name":"(anonymous_0)","decl":{"start":{"line":7,"column":17},"end":{"line":7,"column":18}},"loc":{"start":{"line":7,"column":43},"end":{"line":16,"column":1}},"line":7},"1":{"name":"(anonymous_1)","decl":{"start":{"line":18,"column":20},"end":{"line":18,"column":21}},"loc":{"start":{"line":18,"column":46},"end":{"line":28,"column":1}},"line":18},"2":{"name":"(anonymous_2)","decl":{"start":{"line":31,"column":17},"end":{"line":31,"column":18}},"loc":{"start":{"line":31,"column":43},"end":{"line":42,"column":3}},"line":31},"3":{"name":"(anonymous_3)","decl":{"start":{"line":45,"column":23},"end":{"line":45,"column":24}},"loc":{"start":{"line":45,"column":49},"end":{"line":58,"column":3}},"line":45},"4":{"name":"(anonymous_4)","decl":{"start":{"line":61,"column":24},"end":{"line":61,"column":25}},"loc":{"start":{"line":61,"column":50},"end":{"line":68,"column":3}},"line":61},"5":{"name":"(anonymous_5)","decl":{"start":{"line":71,"column":29},"end":{"line":71,"column":30}},"loc":{"start":{"line":71,"column":55},"end":{"line":94,"column":3}},"line":71},"6":{"name":"(anonymous_6)","decl":{"start":{"line":81,"column":47},"end":{"line":81,"column":48}},"loc":{"start":{"line":81,"column":54},"end":{"line":81,"column":60}},"line":81},"7":{"name":"(anonymous_7)","decl":{"start":{"line":96,"column":30},"end":{"line":96,"column":31}},"loc":{"start":{"line":96,"column":62},"end":{"line":138,"column":3}},"line":96}},"branchMap":{"0":{"loc":{"start":{"line":50,"column":6},"end":{"line":52,"column":7}},"type":"if","locations":[{"start":{"line":50,"column":6},"end":{"line":52,"column":7}},{"start":{},"end":{}}],"line":50},"1":{"loc":{"start":{"line":76,"column":6},"end":{"line":78,"column":7}},"type":"if","locations":[{"start":{"line":76,"column":6},"end":{"line":78,"column":7}},{"start":{},"end":{}}],"line":76},"2":{"loc":{"start":{"line":114,"column":6},"end":{"line":116,"column":7}},"type":"if","locations":[{"start":{"line":114,"column":6},"end":{"line":116,"column":7}},{"start":{},"end":{}}],"line":114}},"s":{"0":1,"1":1,"2":1,"3":1,"4":1,"5":0,"6":0,"7":0,"8":0,"9":1,"10":0,"11":0,"12":0,"13":0,"14":0,"15":1,"16":0,"17":0,"18":0,"19":0,"20":0,"21":1,"22":0,"23":0,"24":0,"25":0,"26":0,"27":0,"28":0,"29":0,"30":1,"31":0,"32":0,"33":0,"34":0,"35":1,"36":0,"37":0,"38":0,"39":0,"40":0,"41":0,"42":0,"43":0,"44":0,"45":0,"46":0,"47":1,"48":0,"49":0,"50":0,"51":0,"52":0,"53":0,"54":0,"55":0,"56":0,"57":1},"f":{"0":0,"1":0,"2":0,"3":0,"4":0,"5":0,"6":0,"7":0},"b":{"0":[0,0],"1":[0,0],"2":[0,0]},"_coverageSchema":"1a1c01bbd47fc00a2c39e90264f33305004495a9","hash":"ccf16e5786eaf8d481f69091ef5f6671dc60dc60"}
}
